2021-02-19T03:12:39.323Z [STATIC.SITETEST4.ROBLOXLABS.COM-INFO] https://static.sitetest4.robloxlabs.com has 1 controller(s)
2021-02-19T03:12:39.329Z [JS.SITETEST4.ROBLOXLABS.COM-INFO] https://js.sitetest4.robloxlabs.com has 1 controller(s)
2021-02-19T03:12:39.333Z [CSS.SITETEST4.ROBLOXLABS.COM-INFO] https://css.sitetest4.robloxlabs.com has 1 controller(s)
2021-02-19T03:12:39.336Z [IMAGES.SITETEST4.ROBLOXLABS.COM-INFO] https://images.sitetest4.robloxlabs.com has 1 controller(s)
2021-02-19T03:12:39.451Z [API.SITETEST4.ROBLOXLABS.COM-INFO] https://api.sitetest4.robloxlabs.com has 41 controller(s)
2021-02-19T03:12:39.455Z [SETUP.SITETEST4.ROBLOXLABS.COM-INFO] https://setup.sitetest4.robloxlabs.com has 1 controller(s)
2021-02-19T03:12:39.561Z [WWW.SITETEST4.ROBLOXLABS.COM-INFO] https://www.sitetest4.robloxlabs.com has 29 controller(s)
2021-02-19T03:12:39.609Z [EPHEMERALCOUNTERS.API.SITETEST4.ROBLOXLABS.COM-INFO] https://ephemeralcounters.api.sitetest4.robloxlabs.com has 5 controller(s)
2021-02-19T03:12:39.617Z [ECSV2.SITETEST4.ROBLOXLABS.COM-INFO] https://ecsv2.sitetest4.robloxlabs.com has 4 controller(s)
2021-02-19T03:12:39.620Z [TI.SITETEST4.ROBLOXLABS.COM-INFO] https://ti.sitetest4.robloxlabs.com has 1 controller(s)
2021-02-19T03:12:39.625Z [VERSIONCOMPATIBILITY.API.SITETEST4.ROBLOXLABS.COM-INFO] https://versioncompatibility.api.sitetest4.robloxlabs.com has 3 controller(s)
2021-02-19T03:12:39.635Z [CLIENTSETTINGS.API.SITETEST4.ROBLOXLABS.COM-INFO] https://clientsettings.api.sitetest4.robloxlabs.com has 3 controller(s)
2021-02-19T03:12:39.707Z [ASSETGAME.SITETEST4.ROBLOXLABS.COM-INFO] https://assetgame.sitetest4.robloxlabs.com has 37 controller(s)
2021-02-19T03:12:39.729Z [GAMEPERSISTENCE.SITETEST4.ROBLOXLABS.COM-INFO] https://gamepersistence.sitetest4.robloxlabs.com has 6 controller(s)
2021-02-19T03:12:39.732Z [DOSARREST.ORIGIN.CORP.SITETEST4.ROBLOXLABS.COM-INFO] https://dosarrest.origin.corp.sitetest4.robloxlabs.com has 1 controller(s)
2021-02-19T03:12:39.735Z [MARKETPLACE.API.SITETEST4.ROBLOXLABS.COM-INFO] https://marketplace.api.sitetest4.robloxlabs.com has 1 controller(s)
2021-02-19T03:12:39.752Z [METRICS.SITETEST4.ROBLOXLABS.COM-INFO] https://metrics.sitetest4.robloxlabs.com has 6 controller(s)
2021-02-19T03:12:39.894Z [AUTH.SITETEST4.ROBLOXLABS.COM-INFO] https://auth.sitetest4.robloxlabs.com has 56 controller(s)
2021-02-19T03:12:40.085Z [APIS.SITETEST4.ROBLOXLABS.COM-INFO] https://apis.sitetest4.robloxlabs.com has 83 controller(s)
2021-02-19T03:12:40.098Z [LOCALE.SITETEST4.ROBLOXLABS.COM-INFO] https://locale.sitetest4.robloxlabs.com has 7 controller(s)
2021-02-19T03:12:40.105Z [ABTESTING.SITETEST4.ROBLOXLABS.COM-INFO] https://abtesting.sitetest4.robloxlabs.com has 3 controller(s)
2021-02-19T03:12:40.133Z [USERS.SITETEST4.ROBLOXLABS.COM-INFO] https://users.sitetest4.robloxlabs.com has 10 controller(s)
2021-02-19T03:12:40.179Z [TWOSTEPVERIFICATION.SITETEST4.ROBLOXLABS.COM-INFO] https://twostepverification.sitetest4.robloxlabs.com has 15 controller(s)
2021-02-19T03:12:40.187Z [LMS.SIMULPONG.COM-INFO] https://lms.simulpong.com has 3 controller(s)
2021-02-19T03:12:40.265Z [CHAT.SITETEST4.ROBLOXLABS.COM-INFO] https://chat.sitetest4.robloxlabs.com has 34 controller(s)
2021-02-19T03:12:40.278Z [CONTACTS.SITETEST4.ROBLOXLABS.COM-INFO] https://contacts.sitetest4.robloxlabs.com has 5 controller(s)
2021-02-19T03:12:40.340Z [NOTIFICATIONS.SITETEST4.ROBLOXLABS.COM-INFO] https://notifications.sitetest4.robloxlabs.com has 36 controller(s)
2021-02-19T03:12:40.380Z [ACCOUNTSETTINGS.SITETEST4.ROBLOXLABS.COM-INFO] https://accountsettings.sitetest4.robloxlabs.com has 19 controller(s)
2021-02-19T03:12:40.394Z [ADS.SITETEST4.ROBLOXLABS.COM-INFO] https://ads.sitetest4.robloxlabs.com has 5 controller(s)
2021-02-19T03:12:40.417Z [TRADES.SITETEST4.ROBLOXLABS.COM-INFO] https://trades.sitetest4.robloxlabs.com has 11 controller(s)
2021-02-19T03:12:40.487Z [FRIENDS.SITETEST4.ROBLOXLABS.COM-INFO] https://friends.sitetest4.robloxlabs.com has 28 controller(s)
2021-02-19T03:12:40.493Z [PRIVATEMESSAGES.SITETEST4.ROBLOXLABS.COM-INFO] https://privatemessages.sitetest4.robloxlabs.com has 2 controller(s)
2021-02-19T03:12:40.537Z [ECONOMY.SITETEST4.ROBLOXLABS.COM-INFO] https://economy.sitetest4.robloxlabs.com has 19 controller(s)
2021-02-19T03:12:40.600Z [GAMES.SITETEST4.ROBLOXLABS.COM-INFO] https://games.sitetest4.robloxlabs.com has 31 controller(s)
2021-02-19T03:12:40.611Z [REALTIME.SITETEST4.ROBLOXLABS.COM-INFO] https://realtime.sitetest4.robloxlabs.com has 5 controller(s)
2021-02-19T03:12:40.648Z [THUMBNAILS.SITETEST4.ROBLOXLABS.COM-INFO] https://thumbnails.sitetest4.robloxlabs.com has 17 controller(s)
2021-02-19T03:12:40.655Z [PRESENCE.SITETEST4.ROBLOXLABS.COM-INFO] https://presence.sitetest4.robloxlabs.com has 3 controller(s)
2021-02-19T03:12:40.771Z [GROUPS.SITETEST4.ROBLOXLABS.COM-INFO] https://groups.sitetest4.robloxlabs.com has 50 controller(s)
2021-02-19T03:12:40.809Z [ACCOUNTINFORMATION.SITETEST4.ROBLOXLABS.COM-INFO] https://accountinformation.sitetest4.robloxlabs.com has 15 controller(s)
2021-02-19T03:12:40.828Z [BADGES.SITETEST4.ROBLOXLABS.COM-INFO] https://badges.sitetest4.robloxlabs.com has 7 controller(s)
2021-02-19T03:12:40.841Z [DEVFORUM.SITETEST4.ROBLOXLABS.COM-INFO] https://devforum.sitetest4.robloxlabs.com has 7 controller(s)
2021-02-19T03:12:40.850Z [PREMIUMFEATURES.SITETEST4.ROBLOXLABS.COM-INFO] https://premiumfeatures.sitetest4.robloxlabs.com has 4 controller(s)
2021-02-19T03:12:40.877Z [CLIENTSETTINGS.SITETEST4.ROBLOXLABS.COM-INFO] https://clientsettings.sitetest4.robloxlabs.com has 10 controller(s)
2021-02-19T03:12:40.898Z [CLIENTSETTINGSCDN.SITETEST4.ROBLOXLABS.COM-INFO] https://clientsettingscdn.sitetest4.robloxlabs.com has 10 controller(s)
2021-02-19T03:12:40.912Z [ADCONFIGURATION.SITETEST4.ROBLOXLABS.COM-INFO] https://adconfiguration.sitetest4.robloxlabs.com has 6 controller(s)
2021-02-19T03:12:40.914Z [CLIENT-TELEMENTRY.SITETEST4.ROBLOXLABS.COM-INFO] https://client-telementry.sitetest4.robloxlabs.com has 1 controller(s)
2021-02-19T03:12:40.942Z [ASSETDELIVERY.SITETEST4.ROBLOXLABS.COM-INFO] https://assetdelivery.sitetest4.robloxlabs.com has 10 controller(s)
2021-02-19T03:12:40.987Z [AVATAR.SITETEST4.ROBLOXLABS.COM-INFO] https://avatar.sitetest4.robloxlabs.com has 24 controller(s)
2021-02-19T03:12:41.078Z [BILLING.SITETEST4.ROBLOXLABS.COM-INFO] https://billing.sitetest4.robloxlabs.com has 33 controller(s)
2021-02-19T03:12:41.126Z [CATALOG.SITETEST4.ROBLOXLABS.COM-INFO] https://catalog.sitetest4.robloxlabs.com has 18 controller(s)
2021-02-19T03:12:41.132Z [CDNPROVIDERS.SITETEST4.ROBLOXLABS.COM-INFO] https://cdnproviders.sitetest4.robloxlabs.com has 2 controller(s)
2021-02-19T03:12:41.138Z [CHATMODERATION.SITETEST4.ROBLOXLABS.COM-INFO] https://chatmoderation.sitetest4.robloxlabs.com has 1 controller(s)
2021-02-19T03:12:41.145Z [CONTENTSTORE.SITETEST4.ROBLOXLABS.COM-INFO] https://contentstore.sitetest4.robloxlabs.com has 2 controller(s)
2021-02-19T03:12:41.239Z [DEVELOP.SITETEST4.ROBLOXLABS.COM-INFO] https://develop.sitetest4.robloxlabs.com has 47 controller(s)
2021-02-19T03:12:41.243Z [DISCUSSIONS.SITETEST4.ROBLOXLABS.COM-INFO] https://discussions.sitetest4.robloxlabs.com has 1 controller(s)
2021-02-19T03:12:41.248Z [ECONOMYCREATORSTATS.SITETEST4.ROBLOXLABS.COM-INFO] https://economycreatorstats.sitetest4.robloxlabs.com has 2 controller(s)
2021-02-19T03:12:41.255Z [ENGAGEMENTPAYOUTS.SITETEST4.ROBLOXLABS.COM-INFO] https://engagementpayouts.sitetest4.robloxlabs.com has 2 controller(s)
2021-02-19T03:12:41.268Z [FOLLOWINGS.SITETEST4.ROBLOXLABS.COM-INFO] https://followings.sitetest4.robloxlabs.com has 5 controller(s)
2021-02-19T03:12:41.294Z [GAMEINTERNATIONALIZATION.SITETEST4.ROBLOXLABS.COM-INFO] https://gameinternationalization.sitetest4.robloxlabs.com has 12 controller(s)
2021-02-19T03:12:41.308Z [GAMEJOIN.SITETEST4.ROBLOXLABS.COM-INFO] https://gamejoin.sitetest4.robloxlabs.com has 9 controller(s)
2021-02-19T03:12:41.311Z [GROUPSMODERATION.SITETEST4.ROBLOXLABS.COM-INFO] https://groupsmoderation.sitetest4.robloxlabs.com has 1 controller(s)
2021-02-19T03:12:41.332Z [ADCONFIGURATION.SITETEST4.ROBLOXLABS.COM-INFO] https://adconfiguration.sitetest4.robloxlabs.com has 9 controller(s)
2021-02-19T03:12:41.353Z [ITEMCONFIGURATION.SITETEST4.ROBLOXLABS.COM-INFO] https://itemconfiguration.sitetest4.robloxlabs.com has 9 controller(s)
2021-02-19T03:12:41.356Z [ADCONFIGURATION.SITETEST4.ROBLOXLABS.COM-INFO] https://adconfiguration.sitetest4.robloxlabs.com has 6 controller(s)
2021-02-19T03:12:41.359Z [LOCALIZATIONTABLES.SITETEST4.ROBLOXLABS.COM-INFO] https://localizationtables.sitetest4.robloxlabs.com has 1 controller(s)
2021-02-19T03:12:41.366Z [POINTS.SITETEST4.ROBLOXLABS.COM-INFO] https://points.sitetest4.robloxlabs.com has 2 controller(s)
2021-02-19T03:12:41.384Z [PUBLISH.SITETEST4.ROBLOXLABS.COM-INFO] https://publish.sitetest4.robloxlabs.com has 8 controller(s)
2021-02-19T03:12:41.387Z [PUNISHMENTS.SITETEST4.ROBLOXLABS.COM-INFO] https://punishments.sitetest4.robloxlabs.com has 1 controller(s)
2021-02-19T03:12:41.390Z [SHARE.SITETEST4.ROBLOXLABS.COM-INFO] https://share.sitetest4.robloxlabs.com has 1 controller(s)
2021-02-19T03:12:41.394Z [TEXTFILTER.SITETEST4.ROBLOXLABS.COM-INFO] https://textfilter.sitetest4.robloxlabs.com has 1 controller(s)
2021-02-19T03:12:41.397Z [THEMES.SITETEST4.ROBLOXLABS.COM-INFO] https://themes.sitetest4.robloxlabs.com has 1 controller(s)
2021-02-19T03:12:41.402Z [THUMBNAILSRESIZER.SITETEST4.ROBLOXLABS.COM-INFO] https://thumbnailsresizer.sitetest4.robloxlabs.com has 2 controller(s)
2021-02-19T03:12:41.415Z [TRANSLATIONROLES.SITETEST4.ROBLOXLABS.COM-INFO] https://translationroles.sitetest4.robloxlabs.com has 5 controller(s)
2021-02-19T03:12:41.423Z [TRANSLATIONS.SITETEST4.ROBLOXLABS.COM-INFO] https://translations.sitetest4.robloxlabs.com has 4 controller(s)
2021-02-19T03:12:41.426Z [USERMODERATION.SITETEST4.ROBLOXLABS.COM-INFO] https://usermoderation.sitetest4.robloxlabs.com has 1 controller(s)
2021-02-19T03:12:41.429Z [VOICE.SITETEST4.ROBLOXLABS.COM-INFO] https://voice.sitetest4.robloxlabs.com has 1 controller(s)
2021-02-19T03:12:41.512Z [API.SITETEST4.ROBLOXLABS.COM-INFO] https://api.sitetest4.robloxlabs.com has 1 websocket(s)
2021-02-19T03:12:41.518Z [REALTIME.SITETEST4.ROBLOXLABS.COM-INFO] https://realtime.sitetest4.robloxlabs.com has 1 websocket(s)
2021-02-19T03:12:41.528Z,2.8122256,3fa0,NaN [FLog::images.sitetest4.robloxlabs.com] https://images.sitetest4.robloxlabs.com:443 Started
2021-02-19T03:12:41.530Z,2.8141469,3fa0,NaN [FLog::images.sitetest4.robloxlabs.com] https://images.sitetest4.robloxlabs.com:80 Started
2021-02-19T03:12:41.534Z,2.8177581,3fa0,NaN [FLog::www.sitetest4.robloxlabs.com] https://www.sitetest4.robloxlabs.com:80 Started
2021-02-19T03:12:41.535Z,2.8195198,3fa0,NaN [FLog::www.sitetest4.robloxlabs.com] https://www.sitetest4.robloxlabs.com:443 Started
2021-02-19T03:12:41.537Z,2.8212077,3fa0,NaN [FLog::api.sitetest4.robloxlabs.com] https://api.sitetest4.robloxlabs.com:443 Started
2021-02-19T03:12:41.539Z,2.822766,3fa0,NaN [FLog::api.sitetest4.robloxlabs.com] https://api.sitetest4.robloxlabs.com:80 Started
2021-02-19T03:12:41.540Z,2.8243611,3fa0,NaN [FLog::static.sitetest4.robloxlabs.com] https://static.sitetest4.robloxlabs.com:443 Started
2021-02-19T03:12:41.542Z,2.82626,3fa0,NaN [FLog::static.sitetest4.robloxlabs.com] https://static.sitetest4.robloxlabs.com:80 Started
2021-02-19T03:12:41.544Z,2.8283732,3fa0,NaN [FLog::js.sitetest4.robloxlabs.com] https://js.sitetest4.robloxlabs.com:80 Started
2021-02-19T03:12:41.546Z,2.8301011,3fa0,NaN [FLog::js.sitetest4.robloxlabs.com] https://js.sitetest4.robloxlabs.com:443 Started
2021-02-19T03:12:41.548Z,2.8317486,3fa0,NaN [FLog::css.sitetest4.robloxlabs.com] https://css.sitetest4.robloxlabs.com:80 Started
2021-02-19T03:12:41.549Z,2.8333052,3fa0,NaN [FLog::css.sitetest4.robloxlabs.com] https://css.sitetest4.robloxlabs.com:443 Started
2021-02-19T03:12:41.551Z,2.8349012,3fa0,NaN [FLog::setup.sitetest4.robloxlabs.com] https://setup.sitetest4.robloxlabs.com:80 Started
2021-02-19T03:12:41.552Z,2.8364076,3fa0,NaN [FLog::setup.sitetest4.robloxlabs.com] https://setup.sitetest4.robloxlabs.com:443 Started
2021-02-19T03:12:41.554Z,2.8381649,3fa0,NaN [FLog::ti.sitetest4.robloxlabs.com] https://ti.sitetest4.robloxlabs.com:443 Started
2021-02-19T03:12:41.557Z,2.8407192,3fa0,NaN [FLog::ti.sitetest4.robloxlabs.com] https://ti.sitetest4.robloxlabs.com:80 Started
2021-02-19T03:12:41.558Z,2.8425319,3fa0,NaN [FLog::versioncompatibility.api.sitetest4.robloxlabs.com] https://versioncompatibility.api.sitetest4.robloxlabs.com:443 Started
2021-02-19T03:12:41.560Z,2.8441132,3fa0,NaN [FLog::versioncompatibility.api.sitetest4.robloxlabs.com] https://versioncompatibility.api.sitetest4.robloxlabs.com:80 Started
2021-02-19T03:12:41.561Z,2.8455768,3fa0,NaN [FLog::clientsettings.api.sitetest4.robloxlabs.com] https://clientsettings.api.sitetest4.robloxlabs.com:443 Started
2021-02-19T03:12:41.563Z,2.8471123,3fa0,NaN [FLog::clientsettings.api.sitetest4.robloxlabs.com] https://clientsettings.api.sitetest4.robloxlabs.com:80 Started
2021-02-19T03:12:41.565Z,2.8495306,3fa0,NaN [FLog::assetgame.sitetest4.robloxlabs.com] https://assetgame.sitetest4.robloxlabs.com:443 Started
2021-02-19T03:12:41.567Z,2.8516227,3fa0,NaN [FLog::assetgame.sitetest4.robloxlabs.com] https://assetgame.sitetest4.robloxlabs.com:80 Started
2021-02-19T03:12:41.569Z,2.853341,3fa0,NaN [FLog::ephemeralcounters.api.sitetest4.robloxlabs.com] https://ephemeralcounters.api.sitetest4.robloxlabs.com:443 Started
2021-02-19T03:12:41.571Z,2.8552622,3fa0,NaN [FLog::ephemeralcounters.api.sitetest4.robloxlabs.com] https://ephemeralcounters.api.sitetest4.robloxlabs.com:80 Started
2021-02-19T03:12:41.573Z,2.8568097,3fa0,NaN [FLog::ecsv2.sitetest4.robloxlabs.com] https://ecsv2.sitetest4.robloxlabs.com:443 Started
2021-02-19T03:12:41.574Z,2.8582844,3fa0,NaN [FLog::ecsv2.sitetest4.robloxlabs.com] https://ecsv2.sitetest4.robloxlabs.com:80 Started
2021-02-19T03:12:41.576Z,2.8597607,3fa0,NaN [FLog::gamepersistence.sitetest4.robloxlabs.com] https://gamepersistence.sitetest4.robloxlabs.com:443 Started
2021-02-19T03:12:41.577Z,2.8613023,3fa0,NaN [FLog::gamepersistence.sitetest4.robloxlabs.com] https://gamepersistence.sitetest4.robloxlabs.com:80 Started
2021-02-19T03:12:41.579Z,2.8629756,3fa0,NaN [FLog::dosarrest.origin.corp.sitetest4.robloxlabs.com] https://dosarrest.origin.corp.sitetest4.robloxlabs.com:443 Started
2021-02-19T03:12:41.581Z,2.8647037,3fa0,NaN [FLog::dosarrest.origin.corp.sitetest4.robloxlabs.com] https://dosarrest.origin.corp.sitetest4.robloxlabs.com:80 Started
2021-02-19T03:12:41.582Z,2.8664431,3fa0,NaN [FLog::metrics.sitetest4.robloxlabs.com] https://metrics.sitetest4.robloxlabs.com:443 Started
2021-02-19T03:12:41.584Z,2.8680054,3fa0,NaN [FLog::metrics.sitetest4.robloxlabs.com] https://metrics.sitetest4.robloxlabs.com:80 Started
2021-02-19T03:12:41.585Z,2.8695499,3fa0,NaN [FLog::auth.sitetest4.robloxlabs.com] https://auth.sitetest4.robloxlabs.com:80 Started
2021-02-19T03:12:41.587Z,2.871152,3fa0,NaN [FLog::auth.sitetest4.robloxlabs.com] https://auth.sitetest4.robloxlabs.com:443 Started
2021-02-19T03:12:41.588Z,2.8726691,3fa0,NaN [FLog::apis.sitetest4.robloxlabs.com] https://apis.sitetest4.robloxlabs.com:443 Started
2021-02-19T03:12:41.590Z,2.8741627,3fa0,NaN [FLog::apis.sitetest4.robloxlabs.com] https://apis.sitetest4.robloxlabs.com:80 Started
2021-02-19T03:12:41.592Z,2.8757052,3fa0,NaN [FLog::locale.sitetest4.robloxlabs.com] https://locale.sitetest4.robloxlabs.com:443 Started
2021-02-19T03:12:41.593Z,2.8772173,3fa0,NaN [FLog::locale.sitetest4.robloxlabs.com] https://locale.sitetest4.robloxlabs.com:80 Started
2021-02-19T03:12:41.595Z,2.8789572,3fa0,NaN [FLog::marketplace.api.sitetest4.robloxlabs.com] https://marketplace.api.sitetest4.robloxlabs.com:443 Started
2021-02-19T03:12:41.597Z,2.8806887,3fa0,NaN [FLog::marketplace.api.sitetest4.robloxlabs.com] https://marketplace.api.sitetest4.robloxlabs.com:80 Started
2021-02-19T03:12:41.598Z,2.8825104,3fa0,NaN [FLog::abtesting.sitetest4.robloxlabs.com] https://abtesting.sitetest4.robloxlabs.com:443 Started
2021-02-19T03:12:41.600Z,2.8844191,3fa0,NaN [FLog::abtesting.sitetest4.robloxlabs.com] https://abtesting.sitetest4.robloxlabs.com:80 Started
2021-02-19T03:12:41.602Z,2.8860319,3fa0,NaN [FLog::users.sitetest4.robloxlabs.com] https://users.sitetest4.robloxlabs.com:443 Started
2021-02-19T03:12:41.604Z,2.8881316,3fa0,NaN [FLog::users.sitetest4.robloxlabs.com] https://users.sitetest4.robloxlabs.com:80 Started
2021-02-19T03:12:41.606Z,2.8898253,3fa0,NaN [FLog::twostepverification.sitetest4.robloxlabs.com] https://twostepverification.sitetest4.robloxlabs.com:443 Started
2021-02-19T03:12:41.607Z,2.8914972,3fa0,NaN [FLog::twostepverification.sitetest4.robloxlabs.com] https://twostepverification.sitetest4.robloxlabs.com:80 Started
2021-02-19T03:12:41.609Z,2.8929149,3fa0,NaN [FLog::lms.simulpong.com] https://lms.simulpong.com:80 Started
2021-02-19T03:12:41.610Z,2.8943656,3fa0,NaN [FLog::lms.simulpong.com] https://lms.simulpong.com:443 Started
2021-02-19T03:12:41.612Z,2.8958018,3fa0,NaN [FLog::chat.sitetest4.robloxlabs.com] https://chat.sitetest4.robloxlabs.com:443 Started
2021-02-19T03:12:41.613Z,2.8973926,3fa0,NaN [FLog::chat.sitetest4.robloxlabs.com] https://chat.sitetest4.robloxlabs.com:80 Started
2021-02-19T03:12:41.615Z,2.8992136,3fa0,NaN [FLog::contacts.sitetest4.robloxlabs.com] https://contacts.sitetest4.robloxlabs.com:443 Started
2021-02-19T03:12:41.617Z,2.9007549,3fa0,NaN [FLog::contacts.sitetest4.robloxlabs.com] https://contacts.sitetest4.robloxlabs.com:80 Started
2021-02-19T03:12:41.618Z,2.9023681,3fa0,NaN [FLog::notifications.sitetest4.robloxlabs.com] https://notifications.sitetest4.robloxlabs.com:443 Started
2021-02-19T03:12:41.620Z,2.9038985,3fa0,NaN [FLog::notifications.sitetest4.robloxlabs.com] https://notifications.sitetest4.robloxlabs.com:80 Started
2021-02-19T03:12:41.621Z,2.9055551,3fa0,NaN [FLog::accountsettings.sitetest4.robloxlabs.com] https://accountsettings.sitetest4.robloxlabs.com:443 Started
2021-02-19T03:12:41.623Z,2.9071734,3fa0,NaN [FLog::accountsettings.sitetest4.robloxlabs.com] https://accountsettings.sitetest4.robloxlabs.com:80 Started
2021-02-19T03:12:41.625Z,2.9087225,3fa0,NaN [FLog::ads.sitetest4.robloxlabs.com] https://ads.sitetest4.robloxlabs.com:443 Started
2021-02-19T03:12:41.626Z,2.9102397,3fa0,NaN [FLog::ads.sitetest4.robloxlabs.com] https://ads.sitetest4.robloxlabs.com:80 Started
2021-02-19T03:12:41.628Z,2.9118276,3fa0,NaN [FLog::trades.sitetest4.robloxlabs.com] https://trades.sitetest4.robloxlabs.com:443 Started
2021-02-19T03:12:41.630Z,2.9137827,3fa0,NaN [FLog::trades.sitetest4.robloxlabs.com] https://trades.sitetest4.robloxlabs.com:80 Started
2021-02-19T03:12:41.632Z,2.9161419,3fa0,NaN [FLog::friends.sitetest4.robloxlabs.com] https://friends.sitetest4.robloxlabs.com:443 Started
2021-02-19T03:12:41.634Z,2.9177122,3fa0,NaN [FLog::friends.sitetest4.robloxlabs.com] https://friends.sitetest4.robloxlabs.com:80 Started
2021-02-19T03:12:41.635Z,2.919272,3fa0,NaN [FLog::privatemessages.sitetest4.robloxlabs.com] https://privatemessages.sitetest4.robloxlabs.com:443 Started
2021-02-19T03:12:41.637Z,2.9207916,3fa0,NaN [FLog::privatemessages.sitetest4.robloxlabs.com] https://privatemessages.sitetest4.robloxlabs.com:80 Started
2021-02-19T03:12:41.638Z,2.9223734,3fa0,NaN [FLog::economy.sitetest4.robloxlabs.com] https://economy.sitetest4.robloxlabs.com:443 Started
2021-02-19T03:12:41.640Z,2.9239028,3fa0,NaN [FLog::economy.sitetest4.robloxlabs.com] https://economy.sitetest4.robloxlabs.com:80 Started
2021-02-19T03:12:41.641Z,2.9256115,3fa0,NaN [FLog::games.sitetest4.robloxlabs.com] https://games.sitetest4.robloxlabs.com:443 Started
2021-02-19T03:12:41.643Z,2.927506,3fa0,NaN [FLog::games.sitetest4.robloxlabs.com] https://games.sitetest4.robloxlabs.com:80 Started
2021-02-19T03:12:41.645Z,2.9290322,3fa0,NaN [FLog::realtime.sitetest4.robloxlabs.com] https://realtime.sitetest4.robloxlabs.com:80 Started
2021-02-19T03:12:41.646Z,2.9305422,3fa0,NaN [FLog::realtime.sitetest4.robloxlabs.com] https://realtime.sitetest4.robloxlabs.com:443 Started
2021-02-19T03:12:41.648Z,2.9324219,3fa0,NaN [FLog::thumbnails.sitetest4.robloxlabs.com] https://thumbnails.sitetest4.robloxlabs.com:443 Started
2021-02-19T03:12:41.650Z,2.9342554,3fa0,NaN [FLog::thumbnails.sitetest4.robloxlabs.com] https://thumbnails.sitetest4.robloxlabs.com:80 Started
2021-02-19T03:12:41.652Z,2.9366419,3fa0,NaN [FLog::presence.sitetest4.robloxlabs.com] https://presence.sitetest4.robloxlabs.com:443 Started
2021-02-19T03:12:41.655Z,2.9388597,3fa0,NaN [FLog::presence.sitetest4.robloxlabs.com] https://presence.sitetest4.robloxlabs.com:80 Started
2021-02-19T03:12:41.657Z,2.9411058,3fa0,NaN [FLog::groups.sitetest4.robloxlabs.com] https://groups.sitetest4.robloxlabs.com:80 Started
2021-02-19T03:12:41.658Z,2.9426652,3fa0,NaN [FLog::groups.sitetest4.robloxlabs.com] https://groups.sitetest4.robloxlabs.com:443 Started
2021-02-19T03:12:41.660Z,2.9444142,3fa0,NaN [FLog::accountinformation.sitetest4.robloxlabs.com] https://accountinformation.sitetest4.robloxlabs.com:443 Started
2021-02-19T03:12:41.662Z,2.9460955,3fa0,NaN [FLog::accountinformation.sitetest4.robloxlabs.com] https://accountinformation.sitetest4.robloxlabs.com:80 Started
2021-02-19T03:12:41.664Z,2.9478996,3fa0,NaN [FLog::badges.sitetest4.robloxlabs.com] https://badges.sitetest4.robloxlabs.com:443 Started
2021-02-19T03:12:41.666Z,2.9498757,3fa0,NaN [FLog::badges.sitetest4.robloxlabs.com] https://badges.sitetest4.robloxlabs.com:80 Started
2021-02-19T03:12:41.667Z,2.9514296,3fa0,NaN [FLog::devforum.sitetest4.robloxlabs.com] https://devforum.sitetest4.robloxlabs.com:443 Started
2021-02-19T03:12:41.669Z,2.9526966,3fa0,NaN [FLog::devforum.sitetest4.robloxlabs.com] https://devforum.sitetest4.robloxlabs.com:80 Started
2021-02-19T03:12:41.670Z,2.9540606,3fa0,NaN [FLog::premiumfeatures.sitetest4.robloxlabs.com] https://premiumfeatures.sitetest4.robloxlabs.com:443 Started
2021-02-19T03:12:41.671Z,2.9553233,3fa0,NaN [FLog::premiumfeatures.sitetest4.robloxlabs.com] https://premiumfeatures.sitetest4.robloxlabs.com:80 Started
2021-02-19T03:12:41.672Z,2.9566321,3fa0,NaN [FLog::clientsettings.sitetest4.robloxlabs.com] https://clientsettings.sitetest4.robloxlabs.com:443 Started
2021-02-19T03:12:41.674Z,2.9578971,3fa0,NaN [FLog::clientsettings.sitetest4.robloxlabs.com] https://clientsettings.sitetest4.robloxlabs.com:80 Started
2021-02-19T03:12:41.675Z,2.9592542,3fa0,NaN [FLog::clientsettingscdn.sitetest4.robloxlabs.com] https://clientsettingscdn.sitetest4.robloxlabs.com:443 Started
2021-02-19T03:12:41.676Z,2.9605125,3fa0,NaN [FLog::clientsettingscdn.sitetest4.robloxlabs.com] https://clientsettingscdn.sitetest4.robloxlabs.com:80 Started
2021-02-19T03:12:41.678Z,2.9618589,3fa0,NaN [FLog::adconfiguration.sitetest4.robloxlabs.com] https://adconfiguration.sitetest4.robloxlabs.com:443 Started
2021-02-19T03:12:41.679Z,2.9632362,3fa0,NaN [FLog::adconfiguration.sitetest4.robloxlabs.com] https://adconfiguration.sitetest4.robloxlabs.com:80 Started
2021-02-19T03:12:41.681Z,2.9652641,3fa0,NaN [FLog::client-telementry.sitetest4.robloxlabs.com] https://client-telementry.sitetest4.robloxlabs.com:443 Started
2021-02-19T03:12:41.683Z,2.9668854,3fa0,NaN [FLog::client-telementry.sitetest4.robloxlabs.com] https://client-telementry.sitetest4.robloxlabs.com:80 Started
2021-02-19T03:12:41.684Z,2.9683797,3fa0,NaN [FLog::assetdelivery.sitetest4.robloxlabs.com] https://assetdelivery.sitetest4.robloxlabs.com:443 Started
2021-02-19T03:12:41.686Z,2.9699488,3fa0,NaN [FLog::assetdelivery.sitetest4.robloxlabs.com] https://assetdelivery.sitetest4.robloxlabs.com:80 Started
2021-02-19T03:12:41.687Z,2.9716045,3fa0,NaN [FLog::avatar.sitetest4.robloxlabs.com] https://avatar.sitetest4.robloxlabs.com:443 Started
2021-02-19T03:12:41.689Z,2.9731662,3fa0,NaN [FLog::avatar.sitetest4.robloxlabs.com] https://avatar.sitetest4.robloxlabs.com:80 Started
2021-02-19T03:12:41.690Z,2.9746781,3fa0,NaN [FLog::billing.sitetest4.robloxlabs.com] https://billing.sitetest4.robloxlabs.com:443 Started
2021-02-19T03:12:41.692Z,2.9761877,3fa0,NaN [FLog::billing.sitetest4.robloxlabs.com] https://billing.sitetest4.robloxlabs.com:80 Started
2021-02-19T03:12:41.694Z,2.9778956,3fa0,NaN [FLog::catalog.sitetest4.robloxlabs.com] https://catalog.sitetest4.robloxlabs.com:443 Started
2021-02-19T03:12:41.695Z,2.9794072,3fa0,NaN [FLog::catalog.sitetest4.robloxlabs.com] https://catalog.sitetest4.robloxlabs.com:80 Started
2021-02-19T03:12:41.697Z,2.980892,3fa0,NaN [FLog::cdnproviders.sitetest4.robloxlabs.com] https://cdnproviders.sitetest4.robloxlabs.com:80 Started
2021-02-19T03:12:41.698Z,2.9825212,3fa0,NaN [FLog::cdnproviders.sitetest4.robloxlabs.com] https://cdnproviders.sitetest4.robloxlabs.com:443 Started
2021-02-19T03:12:41.700Z,2.9840796,3fa0,NaN [FLog::chatmoderation.sitetest4.robloxlabs.com] https://chatmoderation.sitetest4.robloxlabs.com:443 Started
2021-02-19T03:12:41.701Z,2.9856163,3fa0,NaN [FLog::chatmoderation.sitetest4.robloxlabs.com] https://chatmoderation.sitetest4.robloxlabs.com:80 Started
2021-02-19T03:12:41.703Z,2.9871807,3fa0,NaN [FLog::contentstore.sitetest4.robloxlabs.com] https://contentstore.sitetest4.robloxlabs.com:443 Started
2021-02-19T03:12:41.705Z,2.9889605,3fa0,NaN [FLog::contentstore.sitetest4.robloxlabs.com] https://contentstore.sitetest4.robloxlabs.com:80 Started
2021-02-19T03:12:41.707Z,2.9908536,3fa0,NaN [FLog::develop.sitetest4.robloxlabs.com] https://develop.sitetest4.robloxlabs.com:443 Started
2021-02-19T03:12:41.708Z,2.9925299,3fa0,NaN [FLog::develop.sitetest4.robloxlabs.com] https://develop.sitetest4.robloxlabs.com:80 Started
2021-02-19T03:12:41.710Z,2.994125,3fa0,NaN [FLog::discussions.sitetest4.robloxlabs.com] https://discussions.sitetest4.robloxlabs.com:443 Started
2021-02-19T03:12:41.712Z,2.9957716,3fa0,NaN [FLog::discussions.sitetest4.robloxlabs.com] https://discussions.sitetest4.robloxlabs.com:80 Started
2021-02-19T03:12:41.714Z,2.9980327,3fa0,NaN [FLog::economycreatorstats.sitetest4.robloxlabs.com] https://economycreatorstats.sitetest4.robloxlabs.com:443 Started
2021-02-19T03:12:41.716Z,2.9997395,3fa0,NaN [FLog::economycreatorstats.sitetest4.robloxlabs.com] https://economycreatorstats.sitetest4.robloxlabs.com:80 Started
2021-02-19T03:12:41.717Z,3.0013027,3fa0,NaN [FLog::engagementpayouts.sitetest4.robloxlabs.com] https://engagementpayouts.sitetest4.robloxlabs.com:80 Started
2021-02-19T03:12:41.719Z,3.0030985,3fa0,NaN [FLog::engagementpayouts.sitetest4.robloxlabs.com] https://engagementpayouts.sitetest4.robloxlabs.com:443 Started
2021-02-19T03:12:41.721Z,3.0047667,3fa0,NaN [FLog::followings.sitetest4.robloxlabs.com] https://followings.sitetest4.robloxlabs.com:443 Started
2021-02-19T03:12:41.722Z,3.0064659,3fa0,NaN [FLog::followings.sitetest4.robloxlabs.com] https://followings.sitetest4.robloxlabs.com:80 Started
2021-02-19T03:12:41.724Z,3.0081683,3fa0,NaN [FLog::gameinternationalization.sitetest4.robloxlabs.com] https://gameinternationalization.sitetest4.robloxlabs.com:443 Started
2021-02-19T03:12:41.726Z,3.0099566,3fa0,NaN [FLog::gameinternationalization.sitetest4.robloxlabs.com] https://gameinternationalization.sitetest4.robloxlabs.com:80 Started
2021-02-19T03:12:41.727Z,3.0116073,3fa0,NaN [FLog::gamejoin.sitetest4.robloxlabs.com] https://gamejoin.sitetest4.robloxlabs.com:443 Started
2021-02-19T03:12:41.729Z,3.0131869,3fa0,NaN [FLog::gamejoin.sitetest4.robloxlabs.com] https://gamejoin.sitetest4.robloxlabs.com:80 Started
2021-02-19T03:12:41.731Z,3.0149374,3fa0,NaN [FLog::groupsmoderation.sitetest4.robloxlabs.com] https://groupsmoderation.sitetest4.robloxlabs.com:443 Started
2021-02-19T03:12:41.732Z,3.0165189,3fa0,NaN [FLog::groupsmoderation.sitetest4.robloxlabs.com] https://groupsmoderation.sitetest4.robloxlabs.com:80 Started
2021-02-19T03:12:41.734Z,3.0182535,3fa0,NaN [FLog::inventory.sitetest4.robloxlabs.com] https://inventory.sitetest4.robloxlabs.com:443 Started
2021-02-19T03:12:41.736Z,3.0200975,3fa0,NaN [FLog::inventory.sitetest4.robloxlabs.com] https://inventory.sitetest4.robloxlabs.com:80 Started
2021-02-19T03:12:41.737Z,3.0216398,3fa0,NaN [FLog::itemconfiguration.sitetest4.robloxlabs.com] https://itemconfiguration.sitetest4.robloxlabs.com:443 Started
2021-02-19T03:12:41.739Z,3.0231424,3fa0,NaN [FLog::itemconfiguration.sitetest4.robloxlabs.com] https://itemconfiguration.sitetest4.robloxlabs.com:80 Started
2021-02-19T03:12:41.741Z,3.0249182,3fa0,NaN [FLog::localizationtables.sitetest4.robloxlabs.com] https://localizationtables.sitetest4.robloxlabs.com:443 Started
2021-02-19T03:12:41.742Z,3.026478,3fa0,NaN [FLog::localizationtables.sitetest4.robloxlabs.com] https://localizationtables.sitetest4.robloxlabs.com:80 Started
2021-02-19T03:12:41.744Z,3.0280268,3fa0,NaN [FLog::points.sitetest4.robloxlabs.com] https://points.sitetest4.robloxlabs.com:443 Started
2021-02-19T03:12:41.745Z,3.0294448,3fa0,NaN [FLog::points.sitetest4.robloxlabs.com] https://points.sitetest4.robloxlabs.com:80 Started
2021-02-19T03:12:41.747Z,3.031067,3fa0,NaN [FLog::publish.sitetest4.robloxlabs.com] https://publish.sitetest4.robloxlabs.com:443 Started
2021-02-19T03:12:41.749Z,3.0329889,3fa0,NaN [FLog::publish.sitetest4.robloxlabs.com] https://publish.sitetest4.robloxlabs.com:80 Started
2021-02-19T03:12:41.750Z,3.0346298,3fa0,NaN [FLog::punishments.sitetest4.robloxlabs.com] https://punishments.sitetest4.robloxlabs.com:443 Started
2021-02-19T03:12:41.752Z,3.0362318,3fa0,NaN [FLog::punishments.sitetest4.robloxlabs.com] https://punishments.sitetest4.robloxlabs.com:80 Started
2021-02-19T03:12:41.754Z,3.0379229,3fa0,NaN [FLog::share.sitetest4.robloxlabs.com] https://share.sitetest4.robloxlabs.com:443 Started
2021-02-19T03:12:41.755Z,3.0394379,3fa0,NaN [FLog::share.sitetest4.robloxlabs.com] https://share.sitetest4.robloxlabs.com:80 Started
2021-02-19T03:12:41.757Z,3.0408987,3fa0,NaN [FLog::textfilter.sitetest4.robloxlabs.com] https://textfilter.sitetest4.robloxlabs.com:443 Started
2021-02-19T03:12:41.758Z,3.042591,3fa0,NaN [FLog::textfilter.sitetest4.robloxlabs.com] https://textfilter.sitetest4.robloxlabs.com:80 Started
2021-02-19T03:12:41.760Z,3.0441007,3fa0,NaN [FLog::themes.sitetest4.robloxlabs.com] https://themes.sitetest4.robloxlabs.com:443 Started
2021-02-19T03:12:41.762Z,3.0457833,3fa0,NaN [FLog::themes.sitetest4.robloxlabs.com] https://themes.sitetest4.robloxlabs.com:80 Started
2021-02-19T03:12:41.763Z,3.0476361,3fa0,NaN [FLog::thumbnailsresizer.sitetest4.robloxlabs.com] https://thumbnailsresizer.sitetest4.robloxlabs.com:80 Started
2021-02-19T03:12:41.765Z,3.0494655,3fa0,NaN [FLog::thumbnailsresizer.sitetest4.robloxlabs.com] https://thumbnailsresizer.sitetest4.robloxlabs.com:443 Started
2021-02-19T03:12:41.767Z,3.0509354,3fa0,NaN [FLog::translationroles.sitetest4.robloxlabs.com] https://translationroles.sitetest4.robloxlabs.com:443 Started
2021-02-19T03:12:41.768Z,3.0524955,3fa0,NaN [FLog::translationroles.sitetest4.robloxlabs.com] https://translationroles.sitetest4.robloxlabs.com:80 Started
2021-02-19T03:12:41.770Z,3.0539747,3fa0,NaN [FLog::translations.sitetest4.robloxlabs.com] https://translations.sitetest4.robloxlabs.com:443 Started
2021-02-19T03:12:41.771Z,3.0553131,3fa0,NaN [FLog::translations.sitetest4.robloxlabs.com] https://translations.sitetest4.robloxlabs.com:80 Started
2021-02-19T03:12:41.773Z,3.0567183,3fa0,NaN [FLog::usermoderation.sitetest4.robloxlabs.com] https://usermoderation.sitetest4.robloxlabs.com:443 Started
2021-02-19T03:12:41.774Z,3.0583345,3fa0,NaN [FLog::usermoderation.sitetest4.robloxlabs.com] https://usermoderation.sitetest4.robloxlabs.com:80 Started
2021-02-19T03:12:41.776Z,3.0600514,3fa0,NaN [FLog::voice.sitetest4.robloxlabs.com] https://voice.sitetest4.robloxlabs.com:80 Started
2021-02-19T03:12:41.778Z,3.0619422,3fa0,NaN [FLog::voice.sitetest4.robloxlabs.com] https://voice.sitetest4.robloxlabs.com:443 Started
